MAIN (MCTS EXPERIMENTS)...
================================================================================================================================================================================================================
MATCH-UP:
A: MCTSCuda(n_trees=4, n_playouts=128, kind='ocp_thrifty', search_time_limit=inf, search_steps_limit=1000.0, ucb1_c=2.0, seed: 0, device_memory=1.5)
VS
B: human
================================================================================================================================================================================================================
[MCTSCuda._init_device_side_arrays()... for MCTSCuda(n_trees=4, n_playouts=128, kind='ocp_thrifty', search_time_limit=inf, search_steps_limit=1000.0, ucb1_c=2.0, seed: 0, device_memory=1.5)]
[MCTSCuda._init_device_side_arrays() done; time: 0.7516493797302246 s, per_state_memory: 95 B,  calculated max_tree_size: 4238367]
================================================================================================================================================================================================================
GAME 1/1:
BLACK: MCTSCuda(n_trees=4, n_playouts=128, kind='ocp_thrifty', search_time_limit=inf, search_steps_limit=1000.0, ucb1_c=2.0, seed: 0, device_memory=1.5)
WHITE: None
|.|.|.|.|.|.|.|
|.|.|.|.|.|.|.|
|.|.|.|.|.|.|.|
|.|.|.|.|.|.|.|
|.|.|.|.|.|.|.|
|.|.|.|.|.|.|.|
 0 1 2 3 4 5 6 
MOVE: 1
MCTS_CUDA RUN... [MCTSCuda(n_trees=4, n_playouts=128, kind='ocp_thrifty', search_time_limit=inf, search_steps_limit=1000.0, ucb1_c=2.0, seed: 0, device_memory=1.5)]
[actions info:
{
  0: {'name': '0', 'n_root': 512000, 'win_flag': False, 'n': 8064, 'n_wins': 3957, 'q': 0.49069940476190477, 'ucb1': 0.571451327143138},
  1: {'name': '1', 'n_root': 512000, 'win_flag': False, 'n': 11392, 'n_wins': 5861, 'q': 0.5144838483146067, 'ucb1': 0.5824242548684699},
  2: {'name': '2', 'n_root': 512000, 'win_flag': False, 'n': 23424, 'n_wins': 13016, 'q': 0.5556693989071039, 'ucb1': 0.6030496763861644},
  3: {'name': '3', 'n_root': 512000, 'win_flag': False, 'n': 425856, 'n_wins': 266268, 'q': 0.6252536068530208, 'ucb1': 0.63636572228655},
  4: {'name': '4', 'n_root': 512000, 'win_flag': False, 'n': 22016, 'n_wins': 12165, 'q': 0.5525526889534884, 'ucb1': 0.6014245549388143},
  5: {'name': '5', 'n_root': 512000, 'win_flag': False, 'n': 12672, 'n_wins': 6593, 'q': 0.5202809343434344, 'ucb1': 0.5846986837169592},
  6: {'name': '6', 'n_root': 512000, 'win_flag': False, 'n': 8576, 'n_wins': 4225, 'q': 0.49265391791044777, 'ucb1': 0.5709582416698231},
  best: {'index': 3, 'name': '3', 'n_root': 512000, 'win_flag': False, 'n': 425856, 'n_wins': 266268, 'q': 0.6252536068530208, 'ucb1': 0.63636572228655}
}]
[performance info:
{
  steps: 1000,
  steps per second: 465.70767891194413,
  playouts: 512000,
  playouts per second: 238442.3316029154,
  times [ms]: {'total': 2147.2697257995605, 'loop': 2143.263101577759, 'reduce over trees': 0.9970664978027344, 'reduce over actions': 1.0237693786621094, 'mean loop': 2.143263101577759, 'mean select': 0.23276233673095703, 'mean expand': 1.0183563232421875, 'mean playout': 0.6776697635650635, 'mean backup': 0.2085437774658203},
  trees: {'count': 4, 'mean depth': 5.347986001999715, 'max depth': 8, 'mean size': 7001.0, 'max size': 7001}
}]
MCTS_CUDA RUN DONE. [time: 2.1472697257995605 s; best action: 3 (3), best win_flag: False best n: 425856, best n_wins: 266268, best q: 0.6252536068530208]
JSON DUMP... [to file: ../extras/mctsnc_ocp_thrifty_c4_1000steps.json]
JSON DUMP DONE. [time: 1.0741238594055176 s]
PICKED MOVE: 3
|.|.|.|.|.|.|.|
|.|.|.|.|.|.|.|
|.|.|.|.|.|.|.|
|.|.|.|.|.|.|.|
|.|.|.|.|.|.|.|
|.|.|.|●|.|.|.|
 0 1 2 3 4 5 6 
WHITE PLAYER, PICK YOUR MOVE: 